$ turbo build
тАв Running build
тАв Remote caching disabled
build: cache miss, executing b712506cbd56b2eb
build: $ turbo build
build: тАв Running build
build: тАв Remote caching disabled
build: build: cache miss, executing 3b67812bcfc2bd9a
build: build: $ turbo build
build: build: тАв Running build
build: build: тАв Remote caching disabled
build: build: build: cache miss, executing 4f4cbe029a7e0351
build: build: build: $ turbo build
build: build: build: тАв Running build
build: build: build: тАв Remote caching disabled
build: build: build: build: cache miss, executing 26be7c5369b7fb1b
build: build: build: build: $ turbo build
build: build: build: build: тАв Running build
build: build: build: build: тАв Remote caching disabled
build: build: build: build: build: cache miss, executing 185ddea498ab9510
build: build: build: build: build: $ turbo build
build: build: build: build: build: "turbo" не является внутренней или внешней
build: build: build: build: build: командой, исполняемой программой или пакетным файлом.
build: build: build: build: build: error Command failed with exit code 1.
build: build: build: build: build: info Visit https://yarnpkg.com/en/docs/cli/run for documentation about this command.
build: build: build: build: 
build: build: build: build: build: ERROR: command finished with error: command (D:\Projects\Atorify\atorify) yarn run build exited (1)
build: build: build: build: command (D:\Projects\Atorify\atorify) yarn run build exited (1)
build: build: build: build:  ERROR  run failed: command  exited (1)
build: build: build: build:  Tasks:    0 successful, 1 total
build: build: build: build: Cached:    0 cached, 1 total
build: build: build: build:   Time:    1.144s 
build: build: build: build: 
build: build: build: build: error Command failed with exit code 1.
build: build: build: build: info Visit https://yarnpkg.com/en/docs/cli/run for documentation about this command.
build: build: build: 
build: build: build: build: ERROR: command finished with error: command (D:\Projects\Atorify\atorify) yarn run build exited (1)
build: build: build: command (D:\Projects\Atorify\atorify) yarn run build exited (1)
build: build: build:  Tasks:    0 successful, 1 total
build: build: build: Cached:    0 cached, 1 total
build: build: build:   Time:    2.427s 
build: build: build: 
build: build: build:  ERROR  run failed: command  exited (1)
build: build: build: error Command failed with exit code 1.
build: build: build: info Visit https://yarnpkg.com/en/docs/cli/run for documentation about this command.
build: build: build: ERROR: command finished with error: command (D:\Projects\Atorify\atorify) yarn run build exited (1)
build: build: command (D:\Projects\Atorify\atorify) yarn run build exited (1)
build: build: 
build: build:  Tasks:    0 successful, 1 total
build: build: Cached:    0 cached, 1 total
build: build:   Time:    3.746s 
build: build: 
build: build:  ERROR  run failed: command  exited (1)
build: build: error Command failed with exit code 1.
build: build: info Visit https://yarnpkg.com/en/docs/cli/run for documentation about this command.
build: 
build:  Tasks:    0 successful, 1 total
build: Cached:    0 cached, 1 total
build:   Time:    4.92s 
build: 
build: build: ERROR: command finished with error: command (D:\Projects\Atorify\atorify) yarn run build exited (1)
build: command (D:\Projects\Atorify\atorify) yarn run build exited (1)
build:  ERROR  run failed: command  exited (1)
build: error Command failed with exit code 1.
build: info Visit https://yarnpkg.com/en/docs/cli/run for documentation about this command.

build: ERROR: command finished with error: command (D:\Projects\Atorify\atorify) yarn run build exited (1)
command (D:\Projects\Atorify\atorify) yarn run build exited (1)
 ERROR  run failed: command  exited (1)
 Tasks:    0 successful, 1 total
Cached:    0 cached, 1 total
  Time:    6.131s 

error Command failed with exit code 1.
info Visit https://yarnpkg.com/en/docs/cli/run for documentation about this command.
ild: error Command failed with exit code 1.
build: build: info Visit https://yarnpkg.rify\atorify) yarn run build exited (1)
build: build: build: build: build: 
build: build: build: build: build:  Tasks:    0 successful, 1 total
build: build: build: build: build: Cached:    0 cached, 1 total
build: build: build: build: build:   Time:    3.746s 
build: build: build: build: build: 
build: build: build: build: build:  ERROR  run failed: command  exited (1)
build: build: build: build: build: error Command failed with exit code 1.
build: build: build: build: build: info Visit https://yarnpkg.com/en/docs/cli/run for documentation about this command.
build: build: build: build: 
build: build: build: build:  Tasks:    0 successful, 1 total
build: build: build: build: Cached:    0 cached, 1 total
build: build: build: build:   Time:    4.92s 
build: build: build: build: 
build: build: build: build: build: ERROR: command finished with error: command (D:\Projects\Atorify\atorify) yarn run build exited (1)
build: build: build: build: command (D:\Projects\Atorify\atorify) yarn run build exited (1)
build: build: build: build:  ERROR  run failed: command  exited (1)
build: build: build: build: error Command failed with exit code 1.
build: build: build: build: info Visit https://yarnpkg.com/en/docs/cli/run for documentation about this command.
build: build: build: 
build: build: build: build: ERROR: command finished with error: command (D:\Projects\Atorify\atorify) yarn run build exited (1)
build: build: build: command (D:\Projects\Atorify\atorify) yarn run build exited (1)
build: build: build:  ERROR  run failed: command  exited (1)
build: build: build:  Tasks:    0 successful, 1 total
build: build: build: Cached:    0 cached, 1 total
build: build: build:   Time:    6.131s 
build: build: build: 
build: build: build: error Command failed with exit code 1.
build: build: build: info Visit https://yarnpkg.com/en/docs/cli/run for documentation about this command.
build: build: 
build: build:  Tasks:    0 successful, 1 total
build: build: build: ERROR: command finished with error: command (D:\Projects\Atorify\atorify) yarn run build exited (1)
build: build: command (D:\Projects\Atorify\atorify) yarn run build exited (1)
build: build: Cached:    0 cached, 1 total
build: build:   Time:    7.378s 
build: build: 
build: build:  ERROR  run failed: command  exited (1)
build: build: error Command failed with exit code 1.
build: build: info Visit https://yarnpkg.com/en/docs/cli/run for documentation about this command.
build: build: ERROR: command finished with error: command (D:\Projects\Atorify\atorify) yarn run build exited (1)
build: command (D:\Projects\Atorify\atorify) yarn run build exited (1)
build: 
build:  Tasks:    0 successful, 1 total
build: Cached:    0 cached, 1 total
build:   Time:    8.577s 
build: 
build:  ERROR  run failed: command  exited (1)
build: error Command failed with exit code 1.
build: info Visit https://yarnpkg.com/en/docs/cli/run for documentation about this command.

 Tasks:    0 successful, 1 total
build: ERROR: command finished with error: command (D:\Projects\Atorify\atorify) yarn run build exited (1)
command (D:\Projects\Atorify\atorify) yarn run build exited (1)
Cached:    0 cached, 1 total
  Time:    9.816s 

 ERROR  run failed: command  exited (1)
error Command failed with exit code 1.
info Visit https://yarnpkg.com/en/docs/cli/run for documentation about this command.
build: build: command (D:\Projects\Atorify\atorify) yarn run build exited (1)
build: build: 
build: build:  Tasks:    0 successful, 1 total
build: build: Cached:    0 cached, 1 total
build: build:   Time:    8.577s 
build: build: 
build: build:  ERROR  run failed: command  exited (1)
build: build: error Command failed with exit code 1.
build: build: info Visit https://yarnpkg.com/en/docs/cli/run for documentation about this command.
build: 
build:  Tasks:    0 successful, 1 total
build: build: ERROR: command finished with error: command (D:\Projects\Atorify\atorify) yarn run build exited (1)
build: command (D:\Projects\Atorify\atorify) yarn run build exited (1)
build: Cached:    0 cached, 1 total
build:   Time:    9.816s 
build: 
tion about this command.
build: build: build: build: build: 
build: build: build: build: build:  Tasks:    0 successful, 1 total
build: build: build: build: build: build: ERROR: command finished with error: command (D:\Projects\Atorify\atorify) yarn run build exited (1)
build: build: build: build: build: command (D:\Projects\Atorify\atorify) yarn run build exited (1)
build: build: build: build: build: Cached:    0 cached, 1 total
build: build: build: build: build:   Time:    7.378s 
build: build: build: build: build: 
build: build: build: build: build:  ERROR  run failed: command  exited (1)
build: build: build: build: build: error Command failed with exit code 1.
build: build: build: build: build: info Visit https://yarnpkg.com/en/docs/cli/run for documentation about this command.
build: build: build: build: build: ERROR: command finished with error: command (D:\Projects\Atorify\atorify) yarn run build exited (1)
build: build: build: build: command (D:\Projects\Atorify\atorify) yarn run build exited (1)
build: build: build: build: 
build: build: build: build:  Tasks:    0 successful, 1 total
build: build: build: build: Cached:    0 cached, 1 total
build: build: build: build:   Time:    8.577s 
build: build: build: build: 
build: build: build: build:  ERROR  run failed: command  exited (1)
build: build: build: build: error Command failed with exit code 1.
build: build: build: build: info Visit https://yarnpkg.com/en/docs/cli/run for documentation about this command.
build: build: build: 
build: build: build:  Tasks:    0 successful, 1 total
build: build: build: build: ERROR: command finished with error: command (D:\Projects\Atorify\atorify) yarn run build exited (1)
build: build: build: command (D:\Projects\Atorify\atorify) yarn run build exited (1)
build: build: build: Cached:    0 cached, 1 total
build: build: build:   Time:    9.816s 
build: build: build: 
build: build: build:  ERROR  run failed: command  exited (1)
build: build: build: error Command failed with exit code 1.
build: build: build: info Visit https://yarnpkg.com/en/docs/cli/run for documentation about this command.
build: build: build: ERROR: command finished with error: command (D:\Projects\Atorify\atorify) yarn run build exited (1)
build: build: command (D:\Projects\Atorify\atorify) yarn run build exited (1)
build: build: 
build: build:  Tasks:    0 successful, 1 total
build: build: Cached:    0 cached, 1 total
build: build:   Time:    11.02s 
build: build: 
build: build:  ERROR  run failed: command  exited (1)
build: build: error Command failed with exit code 1.
build: build: info Visit https://yarnpkg.com/en/docs/cli/run for documentation about this command.
build: build: ERROR: command finished with error: command (D:\Projects\Atorify\atorify) yarn run build exited (1)
build: 
build:  Tasks:    0 successful, 1 total
build: Cached:    0 cached, 1 total
build:   Time:    12.22s 
build: 
build: command (D:\Projects\Atorify\atorify) yarn run build exited (1)
build:  ERROR  run failed: command  exited (1)
build: error Command failed with exit code 1.
build: info Visit https://yarnpkg.com/en/docs/cli/run for documentation about this command.
build: ERROR: command finished with error: command (D:\Projects\Atorify\atorify) yarn run build exited (1)
command (D:\Projects\Atorify\atorify) yarn run build exited (1)
 ERROR  run failed: command  exited (1)

 Tasks:    0 successful, 1 total
Cached:    0 cached, 1 total
  Time:    13.342s 

error Command failed with exit code 1.
info Visit https://yarnpkg.com/en/docs/cli/run for documentation about this command.
d (1)
build: build: build: error Command failed with exit code 1.
build: build: build: info Visit https://yarnpkg.com/en/docs/cli/run for documentation about this command.
build: build: build: ERROR: command finished with error: command (D:\Projects\Atorify\atorify) yarn run build exited (1)
build: build: 
build: build:  Tasks:    0 successful, 1 total
build: build: Cached:    0 cached, 1 total
build: build:   Time:    12.22s 
build: build: 
build: build: command (D:\Projects\Atorify\atorify) yarn run build://yarnpkg.com/en/docs/cli/run for documentation about this command.
build: build: build: build: build: ERROR: command finished with error: command (D:\Projects\Atorify\atorify) yarn run build exited (1)
build: build: build: build: command (D:\Projects\Atorify\atorify) yarn run build exited (1)
build: build: build: build: 
build: build: build: build:  Tasks:    0 successful, 1 total
build: build: build: build: Cached:    0 cached, 1 total
build: build: build: build:   Time:    11.02s 
build: build: build: build: 
build: build: build: build:  ERROR  run failed: command  exited (1)
build: build: build: build: error Command failed with exit code 1.
build: build: build: build: info Visit https://yarnpkg.com/en/docs/cli/run for documentation about this command.
build: build: build: build: ERROR: command finished with error: command (D:\Projects\Atorify\atorify) yarn run build exited (1)
build: build: build: 
build: build: build:  Tasks:    0 successful, 1 total
build: build: build: Cached:    0 cached, 1 total
build: build: build:   Time:    12.22s 
build: build: build: 
build: build: build: command (D:\Projects\Atorify\atorify) yarn run build exited (1)
build: build: build:  ERROR  run failed: command  exited (1)
build: build: build: error Command failed with exit code 1.
build: build: build: info Visit https://yarnpkg.com/en/docs/cli/run for documentation about this command.
build: build: build: ERROR: command finished with error: command (D:\Projects\Atorify\atorify) yarn run build exited (1)
build: build: command (D:\Projects\Atorify\atorify) yarn run build exited (1)
build: build:  ERROR  run failed: command  exited (1)
build: build: 
build: build:  Tasks:    0 successful, 1 total
build: build: Cached:    0 cached, 1 total
build: build:   Time:    13.342s 
build: build: 
build: build: error Command failed with exit code 1.
build: build: info Visit https://yarnpkg.com/en/docs/cli/run for documentation about this command.
build: build: ERROR: command finished with error: command (D:\Projects\Atorify\atorify) yarn run build exited (1)
build: command (D:\Projects\Atorify\atorify) yarn run build exited (1)
build: 
build:  Tasks:    0 successful, 1 total
build: Cached:    0 cached, 1 total
build:   Time:    14.446s 
build: 
build:  ERROR  run failed: command  exited (1)
build: error Command failed with exit code 1.
build: info Visit https://yarnpkg.com/en/docs/cli/run for documentation about this command.

 Tasks:    0 successful, 1 total
build: ERROR: command finished with error: command (D:\Projects\Atorify\atorify) yarn run build exited (1)
command (D:\Projects\Atorify\atorify) yarn run build exited (1)
Cached:    0 cached, 1 total
  Time:    15.501s 

 ERROR  run failed: command  exited (1)
error Command failed with exit code 1.
info Visit https://yarnpkg.com/en/docs/cli/run for documentation about this command.
 exited (1)
build: build: build: 
build: build: build:  Tasks:    0 successful, 1 total
build: build: build: Cached:    0 cached, 1 total
build: build: build:   Time:    13.342s 
build: build: build: 
build: build: build: error Command failed with exit code 1.
build: build: build: info Visit https://yarnpkg.com/en/docs/cli/run for documentation about this command.
build: build: build: ERROR: command finished with error: command (D:\Projects\Atorify\atorify) yarn run build exited (1)
build: build: command (D:\Projects\Atorify\atorify) yarn run build exited (1)
build: build: 
build: build:  Tasks:    0 successful, 1 total
build: build: Cached:    0 cached, 1 total
build: build:   Time:    14.446s 
build: build: 
build: build:  ERROR  run failed: command  exited (1)
build: build: error Command failed with exit code 1.
build: build: info Visit https://yarnpkg.com/en/docs/cli/run for documentation about this command.
build: 
build:  Tasks:    0 successful, 1 total
build: build: ERROR: command finished with error: command (D:\Projects\Atorify\atorify) yarn run build exited (1)
build: command (D:\Projects\Atorify\atorify) yarn run build exited (1)
build: Cached:    0 cached, 1 total
build:   Time:    15.501s 
build: 
builrun failed: command  exited (1)
build: build: build: build: 
build: build: build: build:  Tasks:    0 successful, 1 total
build: build: build: build: Cached:    0 cached, 1 total
build: build: build: build:   Time:    13.342s 
build: build: build: build: 
build: build: build: build: error Command failed with exit code 1.
build: build: build: build: info Visit https://yarnpkg.com/en/docs/cli/run for documentation about this command.
build: build: build: build: ERROR: command finished with error: command (D:\Projects\Atorify\atorify) yarn run build exited (1)
build: build: build: command (D:\Projects\Atorify\atorify) yarn run build exited (1)
build: build: build: 
build: build: build:  Tasks:    0 successful, 1 total
build: build: build: Cached:    0 cached, 1 total
build: build: build:   Time:    14.446s 
build: build: build: 
build: build: build:  ERROR  run failed: command  exited (1)
build: build: build: error Command failed with exit code 1.
build: build: build: info Visit https://yarnpkg.com/en/docs/cli/run for documentation about this command.
build: build: 
build: build:  Tasks:    0 successful, 1 total
build: build: build: ERROR: command finished with error: command (D:\Projects\Atorify\atorify) yarn run build exited (1)
build: build: command (D:\Projects\Atorify\atorify) yarn run build exited (1)
build: build: Cached:    0 cached, 1 total
build: build:   Time:    15.501s 
build: build: 
build: build:  ERROR  run failed: command  exited (1)
build: build: error Command failed with exit code 1.
build: build: info Visit https://yarnpkg.com/en/docs/cli/run for documentation about this command.
build: build: ERROR: command finished with error: command (D:\Projects\Atorify\atorify) yarn run build exited (1)
build: command (D:\Projects\Atorify\atorify) yarn run build exited (1)
build: 
build:  Tasks:    0 successful, 1 total
build: Cached:    0 cached, 1 total
build:   Time:    16.517s 
build: 
build:  ERROR  run failed: command  exited (1)
build: error Command failed with exit code 1.
build: info Visit https://yarnpkg.com/en/docs/cli/run for documentation about this command.
build: ERROR: command finished with error: command (D:\Projects\Atorify\atorify) yarn run build exited (1)

command (D:\Projects\Atorify\atorify) yarn run build exited (1)
 Tasks:    0 successful, 1 total
Cached:    0 cached, 1 total
  Time:    17.481s 

 ERROR  run failed: command  exited (1)
error Command failed with exit code 1.
info Visit https://yarnpkg.com/en/docs/cli/run for documentation about this command.
, 1 total
build: build: build: build: ERROR: command finished with error: command (D:\Projects\Atorify\atorify) yarn run build exited (1)
build: build: build: command (D:\Projects\Atorify\atorify) yarn run build exited (1)
build: build: build: Cached:    0 cached, 1 total
build: build: build:   Time:    15.501s 
build: build: build: 
build: build: build:  ERROR  run failed: command  exited (1)
build: build: build: error Command failed with exit code 1.
build: build: build: info Visit https://yarnpkg.com/en/docs/cli/run for documentation about this command.
build: build: build: ERROR: command finished with error: command (D:\Projects\Atorify\atorify) yarn run build exited (1)
build: build: command (D:\Projects\Atorify\atorify) yarn run build exited (1)
build: build: 
build: build:  Tasks:    0 successful, 1 total
build: build: Cached:    0 cached, 1 total
build: build:   Time:    16.517s 
build: build: 
build: build:  ERROR  run failed: command  exited (1)
build: build: error Command failed with exit code 1.
build: build: info Visit https://yarnpkg.com/en/docs/cli/run for documentation about this command.
build: build: ERROR: command finished with error: command (D:\Projects\Atorify\atorify) yarn run build exited (1)
build: 
build: command (D:\Projects\Atorify\atorify) yarn run build exited (1)
build:  Tasks:    0 successful, 1 total
build: Cached:    0 cached, 1 total
build:   Time:    17.481s 
build: 
build:  ERROR  run failed: command  exited (1)
build: error Command failed with exit code 1.
build: info Visit https://yarnpkg.com/en/docsrn run build exited (1)
build: build: build: build: command (D:\Projects\Atorify\atorify) yarn run build exited (1)
build: build: build: build: Cached:    0 cached, 1 total
build: build: build: build:   Time:    15.501s 
build: build: build: build: 
build: build: build: build:  ERROR  run failed: command  exited (1)
build: build: build: build: error Command failed with exit code 1.
build: build: build: build: info Visit https://yarnpkg.com/en/docs/cli/run for documentation about this command.
build: build: build: build: ERROR: command finished with error: command (D:\Projects\Atorify\atorify) yarn run build exited (1)
build: build: build: command (D:\Projects\Atorify\atorify) yarn run build exited (1)
build: build: build: 
build: build: build:  Tasks:    0 successful, 1 total
build: build: build: Cached:    0 cached, 1 total
build: build: build:   Time:    16.517s 
build: build: build: 
build: build: build:  ERROR  run failed: command  exited (1)
build: build: build: error Command failed with exit code 1.
build: build: build: info Visit https://yarnpkg.com/en/docs/cli/run for documentation about this command.
build: build: build: ERROR: command finished with error: command (D:\Projects\Atorify\atorify) yarn run build exited (1)
build: build: 
build: build: command (D:\Projects\Atorify\atorify) yarn run build exited (1)
build: build:  Tasks:    0 successful, 1 total
build: build: Cached:    0 cached, 1 total
build: build:   Time:    17.481s 
build: build: 
build: build:  ERROR  run failed: command  exited (1)
build: build: error Command failed with exit code 1.
build: build: info Visit https://yarnpkg.com/en/docs/cli/run for documentation about this command.
build: 
build: build: ERROR: command finished with error: command (D:\Projects\Atorify\atorify) yarn run build exited (1)
build: command (D:\Projects\Atorify\atorify) yarn run build exited (1)
build:  Tasks:    0 successful, 1 total
build: Cached:    0 cached, 1 total
build:   Time:    18.446s 
build: 
build:  ERROR  run failed: command  exited (1)
build: error Command failed with exit code 1.
build: info Visit https://yarnpkg.com/en/docs/cli/run for documentation about this command.

build: ERROR: command finished with error: command (D:\Projects\Atorify\atorify) yarn run build exited (1)
command (D:\Projects\Atorify\atorify) yarn run build exited (1)
 Tasks:    0 successful, 1 total
Cached:    0 cached, 1 total
  Time:    19.418s 

 ERROR  run failed: command  exited (1)
error Command failed with exit code 1.
info Visit https://yarnpkg.com/en/docs/cli/run for documentation about this command.
ith exit code 1.
build: build: build: build: info Visit https://yarnpkg.com/en/docs/cli/run for documentation about this command.
build: build: build: build: ERROR: command finished with error: command (D:\Projects\Atorify\atorify) yarn run build exited (1)
build: build: build: 
build: build: build: command (D:\Projects\Atorify\atorify) yarn run build exited (1)
build: build: build:  Tasks:    0 successful, 1 total
build: build: build: Cached:    0 cached, 1 total
build: build: build:   Time:    17.481s 
build: build: build: 
build: build: build:  ERROR  run failed: command  exited (1)
build: build: build: error Command failed with exit code 1.
build: build: build: info Visit https://yarnpkg.com/en/docs/cli/run for documentation about this command.
build: build: 
build: build: build: ERROR: command finished with error: command (D:\Projects\Atorify\atorify) yarn run build exited (1)
build: build: command (D:\Projects\Atorify\atorify) yarn run build exited (1)
build: build:  Tasks:    0 successful, 1 total
build: build: Cached:    0 cached, 1 total
build: build:   Time:    18.446s 
build: build: 
build: build:  ERROR  run failed: command  exited (1)
build: build: error Command failed with exit code 1.
build: build: info Visit https://yarnpkg.com/en/docs/cli/run for documentation about this command.
build: 
build: build: ERROR: command finished with error: command (D:\Projects\Atorify\atorify) yarn run build exited (1)
build: command (D:\Projects\Atorify\atorify) yarn run build exild: build: build:  ERROR  run failed: command  exited (1)
build: build: build: build: build: error Command failed with exit code 1.
build: build: build: build: build: info Visit https://yarnpkg.com/en/docs/cli/run for documentation about this command.
build: build: build: build: build: ERROR: command finished with error: command (D:\Projects\Atorify\atorify) yarn run build exited (1)
build: build: build: build: 
build: build: build: build: command (D:\Projects\Atorify\atorify) yarn run build exited (1)
build: build: build: build:  Tasks:    0 successful, 1 total
build: build: build: build: Cached:    0 cached, 1 total
build: build: build: build:   Time:    17.481s 
build: build: build: build: 
build: build: build: build:  ERROR  run failed: command  exited (1)
build: build: build: build: error Command failed with exit code 1.
build: build: build: build: info Visit https://yarnpkg.com/en/docs/cli/run for documentation about this command.
build: build: build: 
build: build: build: build: ERROR: command finished with error: command (D:\Projects\Atorify\atorify) yarn run build exited (1)
build: build: build: command (D:\Projects\Atorify\atorify) yarn run build exited (1)
build: build: build:  Tasks:    0 successful, 1 total
build: build: build: Cached:    0 cached, 1 total
build: build: build:   Time:    18.446s 
build: build: build: 
build: build: build:  ERROR  run failed: command  exited (1)
build: build: build: error Command failed with exit code 1.
build: build: build: info Visit https://yarnpkg.com/en/docs/cli/run for documentation about this command.
build: build: 
build: build: build: ERROR: command finished with error: command (D:\Projects\Atorify\atorify) yarn run build exited (1)
build: build: command (D:\Projects\Atorify\atorify) yarn run build exited (1)
build: build:  Tasks:    0 successful, 1 total
build: build: Cached:    0 cached, 1 total
build: build:   Time:    19.418s 
build: build: 
build: build:  ERROR  run failed: command  exited (1)
build: build: error Command failed with exit code 1.
build: build: info Visit https://yarnpkg.com/en/docs/cli/run for documentation about this command.
build: build: ERROR: command finished with error: command (D:\Projects\Atorify\atorify) yarn run build exited (1)
build: 
build:  Tasks:    0 successful, 1 total
build: Cached:    0 cached, 1 total
build:   Time:    20.388s 
build: 
build: command (D:\Projects\Atorify\atorify) yarn run build exited (1)
build:  ERROR  run failed: command  exited (1)
build: error Command failed with exit code 1.
build: info Visit https://yarnpkg.com/en/docs/cli/run for documentation about this command.
build: ERROR: command finished with error: command (D:\Projects\Atorify\atorify) yarn run build exited (1)
command (D:\Projects\Atorify\atorify) yarn run build exited (1)

 Tasks:    0 successful, 1 total
Cached:    0 cached, 1 total
  Time:    21.27s 

 ERROR  run failed: command  exited (1)
error Command failed with exit code 1.
info Visit https://yarnpkg.com/en/docs/cli/run for documentation about this command.
  0 cached, 1 total
build: build: build: build:   Time:    18.446s 
build: build: build: build: 
build: build: build: build:  ERROR  run failed: command  exited (1)
build: build: build: build: error Command failed with exit code 1.
build: build: build: build: info Visit https://yarnpkg.com/en/docs/cli/run for documentation about this command.
build: build: build: 
build: build: build: build: ERROR: command finished with error: command (D:\Projects\Atorify\atorify) yarn run build exited (1)
build: build: build: command (D:\Projects\Atorify\atorify) yarn run build exited (1)
build: build: build:  Tasks:    0 successful, 1 total
build: build: build: Cached:    0 cached, 1 total
build: build: build:   Time:    19.418s 
build: build: build: 
build: build: build:  ERROR  run failed: command  exited (1)
build: build: build: error Command failed with exit code 1.
build: build: build: info Visit https://yarnpkg.com/en/docs/cli/run for documentation about this command.
build: build: build: ERROR: command finished with error: command (D:\Projects\Atorify\atorify) yarn run build exited (1)
build: build: 
build: build:  Tasks:    0 successful, 1 total
build: build: Cached:    0 cached, 1 total
build: build:   Time:    20.388s 
build: build: 
build: build: command (D:\Projects\Atorify\atorify) yarn run build exited (1)
build: build:  ERROR  run failed: command  exited (1)
build: build: error Command failed with exit code 1.
build: build: info Visit https://yarnpkg.com/en/docs/cli/run for documentation about this command.
build: build: ERROR: command finished with error: command (D:\Projects\Atorify\atorify) yarn run build exited (1)
build: command (D:\Projects\Atorify\atorify) yarn run build exited (1)
build: 
build:  Tasks:    0 successful, 1 total
build: Cached:    0 cached, 1 total
build:   Time:    21.27s 
build: 
build:  ERROR  run failed: command  exited (1)
build: error Command failed with exit code 1.
build: info Visit https://yarnpkg.com/en/docs/cli/run for documentation about this command.

build: ERROR: command finished with error: command (D:\Projects\Atorify\atorify) yarn run build exited (1)
command (D:\Projects\Atorify\atorify) yarn run build exited (1)
 Tasks:    0 successful, 1 total
Cached:    0 cached, 1 total
  Time:    22.187s 

 ERROR  run failed: command  exited (1)
error Command failed with exit code 1.
info Visit https://yarnpkg.com/en/docs/cli/run for documentation about this command.
